<?xml version="1.0" encoding="UTF-8"?>
<!-- Generated by org.testng.reporters.JUnitXMLReporter -->
<testsuite hostname="LAPTOP-9738CE5M" ignored="0" name="HubSpot Feature Testing - login" tests="3" failures="0" timestamp="18 Jul 2020 05:28:44 GMT" time="20.586" errors="0">
  <testcase name="verifySignUpLinkTest" time="5.378" classname="com.qa.hubspot.tests.LoginPageTest"/>
  <testcase name="verifyLoginPageTitleTest" time="0.038" classname="com.qa.hubspot.tests.LoginPageTest"/>
  <testcase name="loginTest" time="5.388" classname="com.qa.hubspot.tests.LoginPageTest"/>
</testsuite> <!-- HubSpot Feature Testing - login -->
