<?xml version="1.0" encoding="UTF-8"?>
<!-- Generated by org.testng.reporters.JUnitXMLReporter -->
<testsuite hostname="LAPTOP-9738CE5M" ignored="2" name="Hubspot feature Testing" tests="6" failures="0" timestamp="2020-07-10T15:23:33 GMT+08:00" time="21.395" errors="0">
  <testcase name="@BeforeClass homePageSetup" time="0.003" classname="com.qa.hubspot.tests.HomePageTest">
    <failure type="java.lang.NullPointerException">
      <![CDATA[java.lang.NullPointerException
at com.qa.hubspot.tests.HomePageTest.homePageSetup(HomePageTest.java:17)
at java.util.ArrayList.forEach(ArrayList.java:1257)
... Removed 25 stack frames]]>
    </failure>
  </testcase> <!-- @BeforeClass homePageSetup -->
  <testcase name="verifySignUpLinkTest" time="5.23" classname="com.qa.hubspot.tests.LoginPageTest"/>
  <testcase name="verifyLoginPageTitleTest" time="0.045" classname="com.qa.hubspot.tests.LoginPageTest"/>
  <testcase name="loginTest" time="1.685" classname="com.qa.hubspot.tests.LoginPageTest"/>
  <testcase name="verifyHomePageHeaderTest" time="0.0" classname="com.qa.hubspot.tests.HomePageTest">
    <skipped/>
  </testcase> <!-- verifyHomePageHeaderTest -->
  <testcase name="verifyHomePageTitleTest" time="0.0" classname="com.qa.hubspot.tests.HomePageTest">
    <skipped/>
  </testcase> <!-- verifyHomePageTitleTest -->
  <testcase name="verifyLoggedInUserTest" time="0.0" classname="com.qa.hubspot.tests.HomePageTest">
    <skipped/>
  </testcase> <!-- verifyLoggedInUserTest -->
  <testcase name="@BeforeTest setUp" time="0.0" classname="com.qa.hubspot.base.BaseTest">
    <ignored/>
  </testcase> <!-- @BeforeTest setUp -->
  <testcase name="@AfterTest tearDown" time="0.0" classname="com.qa.hubspot.base.BaseTest">
    <ignored/>
  </testcase> <!-- @AfterTest tearDown -->
</testsuite> <!-- Hubspot feature Testing -->
