<?xml version="1.0" encoding="UTF-8"?>
<!-- Generated by org.testng.reporters.JUnitXMLReporter -->
<testsuite hostname="LAPTOP-9738CE5M" ignored="0" name="HubSpot Feature Testing - login page - firefox" tests="3" failures="0" timestamp="25 Jul 2020 11:21:53 GMT" time="22.32" errors="0">
  <testcase name="verifySignUpLinkTest" time="5.283" classname="com.qa.hubspot.tests.LoginPageTest"/>
  <testcase name="verifyLoginPageTitleTest" time="0.079" classname="com.qa.hubspot.tests.LoginPageTest"/>
  <testcase name="loginTest" time="2.006" classname="com.qa.hubspot.tests.LoginPageTest"/>
</testsuite> <!-- HubSpot Feature Testing - login page - firefox -->
