<?xml version="1.0" encoding="UTF-8"?>
<!-- Generated by org.testng.reporters.JUnitXMLReporter -->
<testsuite hostname="LAPTOP-9738CE5M" ignored="2" name="HubSpot Feature Testing - contacts page - firefox" tests="1" failures="0" timestamp="25 Jul 2020 11:22:59 GMT" time="66.392" errors="0">
  <testcase name="verifyContactsPageTitleTest" time="0.039" classname="com.qa.hubspot.tests.ContactsPageTest"/>
  <testcase name="verifyContactsPageHeader" time="0.0" classname="com.qa.hubspot.tests.ContactsPageTest">
    <ignored/>
  </testcase> <!-- verifyContactsPageHeader -->
  <testcase name="createNewContactTest" time="0.0" classname="com.qa.hubspot.tests.ContactsPageTest">
    <ignored/>
  </testcase> <!-- createNewContactTest -->
</testsuite> <!-- HubSpot Feature Testing - contacts page - firefox -->
