<?xml version="1.0" encoding="UTF-8"?>
<!-- Generated by org.testng.reporters.JUnitXMLReporter -->
<testsuite hostname="LAPTOP-9738CE5M" ignored="0" name="HubSpot Feature Testing - login" tests="3" failures="0" timestamp="17 Jul 2020 18:12:24 GMT" time="14.188" errors="0">
  <testcase name="verifySignUpLinkTest" time="5.027" classname="com.qa.hubspot.tests.LoginPageTest"/>
  <testcase name="verifyLoginPageTitleTest" time="0.035" classname="com.qa.hubspot.tests.LoginPageTest"/>
  <testcase name="loginTest" time="0.574" classname="com.qa.hubspot.tests.LoginPageTest"/>
</testsuite> <!-- HubSpot Feature Testing - login -->
