<?xml version="1.0" encoding="UTF-8"?>
<!-- Generated by org.testng.reporters.JUnitXMLReporter -->
<testsuite hostname="LAPTOP-9738CE5M" ignored="0" name="HubSpot Feature Testing - Login page - chrome" tests="3" failures="0" timestamp="25 Jul 2020 09:54:35 GMT" time="77.928" errors="0">
  <testcase name="verifySignUpLinkTest" time="5.791" classname="com.qa.hubspot.tests.LoginPageTest"/>
  <testcase name="verifyLoginPageTitleTest" time="0.114" classname="com.qa.hubspot.tests.LoginPageTest"/>
  <testcase name="loginTest" time="1.429" classname="com.qa.hubspot.tests.LoginPageTest"/>
</testsuite> <!-- HubSpot Feature Testing - Login page - chrome -->
