<?xml version="1.0" encoding="UTF-8"?>
<testng-results skipped="0" failed="2" ignored="4" total="18" passed="12">
  <reporter-output>
  </reporter-output>
  <suite name="Hub spot Test automtion regression suite" duration-ms="117839" started-at="2020-07-25T11:21:02Z" finished-at="2020-07-25T11:22:59Z">
    <groups>
    </groups>
    <test name="HubSpot Feature Testing - Contacts Page - chrome" duration-ms="27364" started-at="2020-07-25T11:21:02Z" finished-at="2020-07-25T11:21:29Z">
      <class name="com.qa.hubspot.tests.ContactsPageTest">
        <test-method status="PASS" signature="setUp(java.lang.String)[pri:0, instance:com.qa.hubspot.tests.ContactsPageTest@6eafb10e]" name="setUp" is-config="true" duration-ms="4215" started-at="2020-07-25T11:21:02Z" finished-at="2020-07-25T11:21:06Z">
          <params>
            <param index="0">
              <value>
                <![CDATA[chrome]]>
              </value>
            </param>
          </params>
          <reporter-output>
          </reporter-output>
        </test-method> <!-- setUp -->
        <test-method status="PASS" signature="contactsPageSetup()[pri:0, instance:com.qa.hubspot.tests.ContactsPageTest@6eafb10e]" name="contactsPageSetup" is-config="true" duration-ms="21471" started-at="2020-07-25T11:21:06Z" finished-at="2020-07-25T11:21:28Z">
          <reporter-output>
          </reporter-output>
        </test-method> <!-- contactsPageSetup -->
        <test-method status="PASS" signature="verifyContactsPageTitleTest()[pri:1, instance:com.qa.hubspot.tests.ContactsPageTest@6eafb10e]" name="verifyContactsPageTitleTest" duration-ms="878" started-at="2020-07-25T11:21:28Z" finished-at="2020-07-25T11:21:29Z">
          <reporter-output>
          </reporter-output>
        </test-method> <!-- verifyContactsPageTitleTest -->
        <test-method status="PASS" signature="tearDown()[pri:0, instance:com.qa.hubspot.tests.ContactsPageTest@6eafb10e]" name="tearDown" is-config="true" duration-ms="79" started-at="2020-07-25T11:21:29Z" finished-at="2020-07-25T11:21:29Z">
          <reporter-output>
          </reporter-output>
        </test-method> <!-- tearDown -->
      </class> <!-- com.qa.hubspot.tests.ContactsPageTest -->
    </test> <!-- HubSpot Feature Testing - Contacts Page - chrome -->
    <test name="HubSpot Feature Testing - home page - chrome" duration-ms="47019" started-at="2020-07-25T11:21:02Z" finished-at="2020-07-25T11:21:49Z">
      <class name="com.qa.hubspot.tests.HomePageTest">
        <test-method status="PASS" signature="setUp(java.lang.String)[pri:0, instance:com.qa.hubspot.tests.HomePageTest@22101c80]" name="setUp" is-config="true" duration-ms="29066" started-at="2020-07-25T11:21:02Z" finished-at="2020-07-25T11:21:31Z">
          <params>
            <param index="0">
              <value>
                <![CDATA[chrome]]>
              </value>
            </param>
          </params>
          <reporter-output>
          </reporter-output>
        </test-method> <!-- setUp -->
        <test-method status="PASS" signature="homePageSetup()[pri:0, instance:com.qa.hubspot.tests.HomePageTest@22101c80]" name="homePageSetup" is-config="true" duration-ms="6992" started-at="2020-07-25T11:21:31Z" finished-at="2020-07-25T11:21:38Z">
          <reporter-output>
          </reporter-output>
        </test-method> <!-- homePageSetup -->
        <test-method status="PASS" signature="verifyHomePageHeaderTest()[pri:1, instance:com.qa.hubspot.tests.HomePageTest@22101c80]" name="verifyHomePageHeaderTest" duration-ms="9070" started-at="2020-07-25T11:21:38Z" finished-at="2020-07-25T11:21:47Z">
          <reporter-output>
          </reporter-output>
        </test-method> <!-- verifyHomePageHeaderTest -->
        <test-method status="PASS" signature="verifyHomePageTitleTest()[pri:2, instance:com.qa.hubspot.tests.HomePageTest@22101c80]" name="verifyHomePageTitleTest" duration-ms="48" started-at="2020-07-25T11:21:47Z" finished-at="2020-07-25T11:21:47Z">
          <reporter-output>
          </reporter-output>
        </test-method> <!-- verifyHomePageTitleTest -->
        <test-method status="FAIL" signature="verifyLoggedInUserTest()[pri:3, instance:com.qa.hubspot.tests.HomePageTest@22101c80]" name="verifyLoggedInUserTest" duration-ms="150" started-at="2020-07-25T11:21:47Z" finished-at="2020-07-25T11:21:47Z">
          <exception class="java.lang.AssertionError">
            <message>
              <![CDATA[expected [Proserv Sales Consultants] but found [null]]]>
            </message>
            <full-stacktrace>
              <![CDATA[java.lang.AssertionError: expected [Proserv Sales Consultants] but found [null]
at org.testng.Assert.fail(Assert.java:96)
at org.testng.Assert.failNotEquals(Assert.java:776)
at org.testng.Assert.assertEqualsImpl(Assert.java:132)
at org.testng.Assert.assertEquals(Assert.java:118)
at org.testng.Assert.assertEquals(Assert.java:453)
at org.testng.Assert.assertEquals(Assert.java:463)
at com.qa.hubspot.tests.HomePageTest.verifyLoggedInUserTest(HomePageTest.java:52)
at sun.reflect.NativeMethodAccessorImpl.invoke0(Native Method)
at sun.reflect.NativeMethodAccessorImpl.invoke(NativeMethodAccessorImpl.java:62)
at sun.reflect.DelegatingMethodAccessorImpl.invoke(DelegatingMethodAccessorImpl.java:43)
at java.lang.reflect.Method.invoke(Method.java:498)
at org.testng.internal.MethodInvocationHelper.invokeMethod(MethodInvocationHelper.java:124)
at org.testng.internal.Invoker.invokeMethod(Invoker.java:583)
at org.testng.internal.Invoker.invokeTestMethod(Invoker.java:719)
at org.testng.internal.Invoker.invokeTestMethods(Invoker.java:989)
at org.testng.internal.TestMethodWorker.invokeTestMethods(TestMethodWorker.java:125)
at org.testng.internal.TestMethodWorker.run(TestMethodWorker.java:109)
at org.testng.TestRunner.privateRun(TestRunner.java:648)
at org.testng.TestRunner.run(TestRunner.java:505)
at org.testng.SuiteRunner.runTest(SuiteRunner.java:455)
at org.testng.SuiteRunner.access$000(SuiteRunner.java:40)
at org.testng.SuiteRunner$SuiteWorker.run(SuiteRunner.java:489)
at org.testng.internal.thread.ThreadUtil$1.call(ThreadUtil.java:52)
at java.util.concurrent.FutureTask.run(FutureTask.java:266)
at java.util.concurrent.ThreadPoolExecutor.runWorker(ThreadPoolExecutor.java:1149)
at java.util.concurrent.ThreadPoolExecutor$Worker.run(ThreadPoolExecutor.java:624)
at java.lang.Thread.run(Thread.java:748)
]]>
            </full-stacktrace>
          </exception> <!-- java.lang.AssertionError -->
          <reporter-output>
          </reporter-output>
        </test-method> <!-- verifyLoggedInUserTest -->
        <test-method status="PASS" signature="tearDown()[pri:0, instance:com.qa.hubspot.tests.HomePageTest@22101c80]" name="tearDown" is-config="true" duration-ms="108" started-at="2020-07-25T11:21:48Z" finished-at="2020-07-25T11:21:49Z">
          <reporter-output>
          </reporter-output>
        </test-method> <!-- tearDown -->
      </class> <!-- com.qa.hubspot.tests.HomePageTest -->
    </test> <!-- HubSpot Feature Testing - home page - chrome -->
    <test name="HubSpot Feature Testing - login page - firefox" duration-ms="22320" started-at="2020-07-25T11:21:30Z" finished-at="2020-07-25T11:21:53Z">
      <class name="com.qa.hubspot.tests.LoginPageTest">
        <test-method status="PASS" signature="setUp(java.lang.String)[pri:0, instance:com.qa.hubspot.tests.LoginPageTest@757529a4]" name="setUp" is-config="true" duration-ms="10216" started-at="2020-07-25T11:21:30Z" finished-at="2020-07-25T11:21:41Z">
          <params>
            <param index="0">
              <value>
                <![CDATA[firefox]]>
              </value>
            </param>
          </params>
          <reporter-output>
          </reporter-output>
        </test-method> <!-- setUp -->
        <test-method status="PASS" signature="verifySignUpLinkTest()[pri:1, instance:com.qa.hubspot.tests.LoginPageTest@757529a4]" name="verifySignUpLinkTest" duration-ms="5283" started-at="2020-07-25T11:21:41Z" finished-at="2020-07-25T11:21:46Z">
          <reporter-output>
          </reporter-output>
        </test-method> <!-- verifySignUpLinkTest -->
        <test-method status="PASS" signature="verifyLoginPageTitleTest()[pri:2, instance:com.qa.hubspot.tests.LoginPageTest@757529a4]" name="verifyLoginPageTitleTest" duration-ms="79" started-at="2020-07-25T11:21:46Z" finished-at="2020-07-25T11:21:46Z">
          <reporter-output>
          </reporter-output>
        </test-method> <!-- verifyLoginPageTitleTest -->
        <test-method status="PASS" signature="loginTest()[pri:3, instance:com.qa.hubspot.tests.LoginPageTest@757529a4]" name="loginTest" duration-ms="2006" started-at="2020-07-25T11:21:46Z" finished-at="2020-07-25T11:21:48Z">
          <reporter-output>
          </reporter-output>
        </test-method> <!-- loginTest -->
        <test-method status="PASS" signature="tearDown()[pri:0, instance:com.qa.hubspot.tests.LoginPageTest@757529a4]" name="tearDown" is-config="true" duration-ms="4264" started-at="2020-07-25T11:21:48Z" finished-at="2020-07-25T11:21:53Z">
          <reporter-output>
          </reporter-output>
        </test-method> <!-- tearDown -->
      </class> <!-- com.qa.hubspot.tests.LoginPageTest -->
    </test> <!-- HubSpot Feature Testing - login page - firefox -->
    <test name="HubSpot Feature Testing - Login page - chrome" duration-ms="56263" started-at="2020-07-25T11:21:02Z" finished-at="2020-07-25T11:21:58Z">
      <class name="com.qa.hubspot.tests.LoginPageTest">
        <test-method status="PASS" signature="setUp(java.lang.String)[pri:0, instance:com.qa.hubspot.tests.LoginPageTest@54acff7d]" name="setUp" is-config="true" duration-ms="48568" started-at="2020-07-25T11:21:02Z" finished-at="2020-07-25T11:21:50Z">
          <params>
            <param index="0">
              <value>
                <![CDATA[chrome]]>
              </value>
            </param>
          </params>
          <reporter-output>
          </reporter-output>
        </test-method> <!-- setUp -->
        <test-method status="PASS" signature="verifySignUpLinkTest()[pri:1, instance:com.qa.hubspot.tests.LoginPageTest@54acff7d]" name="verifySignUpLinkTest" duration-ms="6129" started-at="2020-07-25T11:21:50Z" finished-at="2020-07-25T11:21:56Z">
          <reporter-output>
          </reporter-output>
        </test-method> <!-- verifySignUpLinkTest -->
        <test-method status="PASS" signature="verifyLoginPageTitleTest()[pri:2, instance:com.qa.hubspot.tests.LoginPageTest@54acff7d]" name="verifyLoginPageTitleTest" duration-ms="70" started-at="2020-07-25T11:21:56Z" finished-at="2020-07-25T11:21:56Z">
          <reporter-output>
          </reporter-output>
        </test-method> <!-- verifyLoginPageTitleTest -->
        <test-method status="PASS" signature="loginTest()[pri:3, instance:com.qa.hubspot.tests.LoginPageTest@54acff7d]" name="loginTest" duration-ms="1344" started-at="2020-07-25T11:21:56Z" finished-at="2020-07-25T11:21:58Z">
          <reporter-output>
          </reporter-output>
        </test-method> <!-- loginTest -->
        <test-method status="PASS" signature="tearDown()[pri:0, instance:com.qa.hubspot.tests.LoginPageTest@54acff7d]" name="tearDown" is-config="true" duration-ms="82" started-at="2020-07-25T11:21:58Z" finished-at="2020-07-25T11:21:58Z">
          <reporter-output>
          </reporter-output>
        </test-method> <!-- tearDown -->
      </class> <!-- com.qa.hubspot.tests.LoginPageTest -->
    </test> <!-- HubSpot Feature Testing - Login page - chrome -->
    <test name="HubSpot Feature Testing - home page - firefox" duration-ms="32343" started-at="2020-07-25T11:21:49Z" finished-at="2020-07-25T11:22:21Z">
      <class name="com.qa.hubspot.tests.HomePageTest">
        <test-method status="PASS" signature="setUp(java.lang.String)[pri:0, instance:com.qa.hubspot.tests.HomePageTest@c68a5f8]" name="setUp" is-config="true" duration-ms="10677" started-at="2020-07-25T11:21:49Z" finished-at="2020-07-25T11:22:00Z">
          <params>
            <param index="0">
              <value>
                <![CDATA[firefox]]>
              </value>
            </param>
          </params>
          <reporter-output>
          </reporter-output>
        </test-method> <!-- setUp -->
        <test-method status="PASS" signature="homePageSetup()[pri:0, instance:com.qa.hubspot.tests.HomePageTest@c68a5f8]" name="homePageSetup" is-config="true" duration-ms="6700" started-at="2020-07-25T11:22:00Z" finished-at="2020-07-25T11:22:06Z">
          <reporter-output>
          </reporter-output>
        </test-method> <!-- homePageSetup -->
        <test-method status="PASS" signature="verifyHomePageHeaderTest()[pri:1, instance:com.qa.hubspot.tests.HomePageTest@c68a5f8]" name="verifyHomePageHeaderTest" duration-ms="7535" started-at="2020-07-25T11:22:06Z" finished-at="2020-07-25T11:22:14Z">
          <reporter-output>
          </reporter-output>
        </test-method> <!-- verifyHomePageHeaderTest -->
        <test-method status="PASS" signature="verifyHomePageTitleTest()[pri:2, instance:com.qa.hubspot.tests.HomePageTest@c68a5f8]" name="verifyHomePageTitleTest" duration-ms="46" started-at="2020-07-25T11:22:14Z" finished-at="2020-07-25T11:22:14Z">
          <reporter-output>
          </reporter-output>
        </test-method> <!-- verifyHomePageTitleTest -->
        <test-method status="FAIL" signature="verifyLoggedInUserTest()[pri:3, instance:com.qa.hubspot.tests.HomePageTest@c68a5f8]" name="verifyLoggedInUserTest" duration-ms="163" started-at="2020-07-25T11:22:14Z" finished-at="2020-07-25T11:22:14Z">
          <exception class="java.lang.AssertionError">
            <message>
              <![CDATA[expected [Proserv Sales Consultants] but found [null]]]>
            </message>
            <full-stacktrace>
              <![CDATA[java.lang.AssertionError: expected [Proserv Sales Consultants] but found [null]
at org.testng.Assert.fail(Assert.java:96)
at org.testng.Assert.failNotEquals(Assert.java:776)
at org.testng.Assert.assertEqualsImpl(Assert.java:132)
at org.testng.Assert.assertEquals(Assert.java:118)
at org.testng.Assert.assertEquals(Assert.java:453)
at org.testng.Assert.assertEquals(Assert.java:463)
at com.qa.hubspot.tests.HomePageTest.verifyLoggedInUserTest(HomePageTest.java:52)
at sun.reflect.NativeMethodAccessorImpl.invoke0(Native Method)
at sun.reflect.NativeMethodAccessorImpl.invoke(NativeMethodAccessorImpl.java:62)
at sun.reflect.DelegatingMethodAccessorImpl.invoke(DelegatingMethodAccessorImpl.java:43)
at java.lang.reflect.Method.invoke(Method.java:498)
at org.testng.internal.MethodInvocationHelper.invokeMethod(MethodInvocationHelper.java:124)
at org.testng.internal.Invoker.invokeMethod(Invoker.java:583)
at org.testng.internal.Invoker.invokeTestMethod(Invoker.java:719)
at org.testng.internal.Invoker.invokeTestMethods(Invoker.java:989)
at org.testng.internal.TestMethodWorker.invokeTestMethods(TestMethodWorker.java:125)
at org.testng.internal.TestMethodWorker.run(TestMethodWorker.java:109)
at org.testng.TestRunner.privateRun(TestRunner.java:648)
at org.testng.TestRunner.run(TestRunner.java:505)
at org.testng.SuiteRunner.runTest(SuiteRunner.java:455)
at org.testng.SuiteRunner.access$000(SuiteRunner.java:40)
at org.testng.SuiteRunner$SuiteWorker.run(SuiteRunner.java:489)
at org.testng.internal.thread.ThreadUtil$1.call(ThreadUtil.java:52)
at java.util.concurrent.FutureTask.run(FutureTask.java:266)
at java.util.concurrent.ThreadPoolExecutor.runWorker(ThreadPoolExecutor.java:1149)
at java.util.concurrent.ThreadPoolExecutor$Worker.run(ThreadPoolExecutor.java:624)
at java.lang.Thread.run(Thread.java:748)
]]>
            </full-stacktrace>
          </exception> <!-- java.lang.AssertionError -->
          <reporter-output>
          </reporter-output>
        </test-method> <!-- verifyLoggedInUserTest -->
        <test-method status="PASS" signature="tearDown()[pri:0, instance:com.qa.hubspot.tests.HomePageTest@c68a5f8]" name="tearDown" is-config="true" duration-ms="6531" started-at="2020-07-25T11:22:15Z" finished-at="2020-07-25T11:22:21Z">
          <reporter-output>
          </reporter-output>
        </test-method> <!-- tearDown -->
      </class> <!-- com.qa.hubspot.tests.HomePageTest -->
    </test> <!-- HubSpot Feature Testing - home page - firefox -->
    <test name="HubSpot Feature Testing - contacts page - firefox" duration-ms="66392" started-at="2020-07-25T11:21:53Z" finished-at="2020-07-25T11:22:59Z">
      <class name="com.qa.hubspot.tests.ContactsPageTest">
        <test-method status="PASS" signature="setUp(java.lang.String)[pri:0, instance:com.qa.hubspot.tests.ContactsPageTest@6bff19ff]" name="setUp" is-config="true" duration-ms="34292" started-at="2020-07-25T11:21:53Z" finished-at="2020-07-25T11:22:27Z">
          <params>
            <param index="0">
              <value>
                <![CDATA[firefox]]>
              </value>
            </param>
          </params>
          <reporter-output>
          </reporter-output>
        </test-method> <!-- setUp -->
        <test-method status="PASS" signature="contactsPageSetup()[pri:0, instance:com.qa.hubspot.tests.ContactsPageTest@6bff19ff]" name="contactsPageSetup" is-config="true" duration-ms="18525" started-at="2020-07-25T11:22:27Z" finished-at="2020-07-25T11:22:46Z">
          <reporter-output>
          </reporter-output>
        </test-method> <!-- contactsPageSetup -->
        <test-method status="PASS" signature="verifyContactsPageTitleTest()[pri:1, instance:com.qa.hubspot.tests.ContactsPageTest@6bff19ff]" name="verifyContactsPageTitleTest" duration-ms="39" started-at="2020-07-25T11:22:46Z" finished-at="2020-07-25T11:22:46Z">
          <reporter-output>
          </reporter-output>
        </test-method> <!-- verifyContactsPageTitleTest -->
        <test-method status="PASS" signature="tearDown()[pri:0, instance:com.qa.hubspot.tests.ContactsPageTest@6bff19ff]" name="tearDown" is-config="true" duration-ms="13457" started-at="2020-07-25T11:22:46Z" finished-at="2020-07-25T11:22:59Z">
          <reporter-output>
          </reporter-output>
        </test-method> <!-- tearDown -->
      </class> <!-- com.qa.hubspot.tests.ContactsPageTest -->
    </test> <!-- HubSpot Feature Testing - contacts page - firefox -->
  </suite> <!-- Hub spot Test automtion regression suite -->
</testng-results>
